{"ts":"2025-05-22T23:45:37","spider":"politician_spider","level":"INFO","event":{"event": "load_period_urls"}}
{"ts":"2025-05-22T23:49:51","spider":"politician_spider","level":"INFO","event":{"event": "load_period_urls"}}
{"ts":"2025-05-22T23:51:28","spider":"politician_spider","level":"INFO","event":{"event": "load_period_urls"}}
{"ts":"2025-05-22T23:52:31","spider":"politician_spider","level":"INFO","event":{"event": "load_period_urls"}}
{"ts":"2025-05-22T23:52:31","spider":"politician_spider","level":"INFO","event":{"event": "neo4j_connect", "uri": null}}
{"ts":"2025-05-23T00:18:14","spider":"politician_spider","level":"INFO","event":{"event": "load_period_urls"}}
{"ts":"2025-05-23T00:18:14","spider":"politician_spider","level":"INFO","event":{"event": "neo4j_connect", "uri": null}}
{"ts":"2025-05-23T00:25:12","spider":"politician_spider","level":"INFO","event":{"event": "load_period_urls"}}
{"ts":"2025-05-23T00:25:12","spider":"politician_spider","level":"INFO","event":{"event": "neo4j_connect", "uri": null}}
{"ts":"2025-05-23T00:26:07","spider":"politician_spider","level":"INFO","event":{"event": "load_period_urls"}}
{"ts":"2025-05-23T00:26:07","spider":"politician_spider","level":"INFO","event":{"event": "neo4j_connect", "uri": null}}
{"ts":"2025-05-23T00:37:07","spider":"politician_spider","level":"INFO","event":{"event": "load_period_urls"}}
{"ts":"2025-05-23T00:37:10","spider":"politician_spider","level":"INFO","event":{"event": "start_parse_politicians", "url": "https://de.wikipedia.org/wiki/Liste_der_Mitglieder_des_Deutschen_Bundestages_(1._Wahlperiode)"}}
{"ts":"2025-05-23T00:37:10","spider":"politician_spider","level":"INFO","event":{"event": "yield_domain_item", "domain": "de.wikipedia.org", "url": "https://de.wikipedia.org/wiki/Liste_der_Mitglieder_des_Deutschen_Bundestages_(1._Wahlperiode)"}}
{"ts":"2025-05-23T00:37:13","spider":"politician_spider","level":"INFO","event":{"event": "found_rows", "count": 475, "url": "https://de.wikipedia.org/wiki/Liste_der_Mitglieder_des_Deutschen_Bundestages_(1._Wahlperiode)"}}
{"ts":"2025-05-23T00:37:15","spider":"politician_spider","level":"INFO","event":{"event": "start_parse_politicians", "url": "https://de.wikipedia.org/wiki/Liste_der_Mitglieder_des_Deutschen_Bundestages_(2._Wahlperiode)"}}
{"ts":"2025-05-23T00:37:16","spider":"politician_spider","level":"INFO","event":{"event": "found_rows", "count": 559, "url": "https://de.wikipedia.org/wiki/Liste_der_Mitglieder_des_Deutschen_Bundestages_(2._Wahlperiode)"}}
{"ts":"2025-05-23T00:37:17","spider":"politician_spider","level":"INFO","event":{"event": "start_parse_politicians", "url": "https://de.wikipedia.org/wiki/Liste_der_Mitglieder_des_Deutschen_Bundestages_(3._Wahlperiode)"}}
{"ts":"2025-05-23T00:37:18","spider":"politician_spider","level":"INFO","event":{"event": "found_rows", "count": 563, "url": "https://de.wikipedia.org/wiki/Liste_der_Mitglieder_des_Deutschen_Bundestages_(3._Wahlperiode)"}}
{"ts":"2025-05-23T00:37:22","spider":"politician_spider","level":"INFO","event":{"event": "start_parse_politicians", "url": "https://de.wikipedia.org/wiki/Liste_der_Mitglieder_des_Deutschen_Bundestages_(4._Wahlperiode)"}}
{"ts":"2025-05-23T00:37:23","spider":"politician_spider","level":"INFO","event":{"event": "found_rows", "count": 581, "url": "https://de.wikipedia.org/wiki/Liste_der_Mitglieder_des_Deutschen_Bundestages_(4._Wahlperiode)"}}
{"ts":"2025-05-23T00:37:26","spider":"politician_spider","level":"INFO","event":{"event": "start_parse_politicians", "url": "https://de.wikipedia.org/wiki/Liste_der_Mitglieder_des_Deutschen_Bundestages_(5._Wahlperiode)"}}
{"ts":"2025-05-23T00:37:27","spider":"politician_spider","level":"INFO","event":{"event": "found_rows", "count": 560, "url": "https://de.wikipedia.org/wiki/Liste_der_Mitglieder_des_Deutschen_Bundestages_(5._Wahlperiode)"}}
{"ts":"2025-05-23T00:37:29","spider":"politician_spider","level":"INFO","event":{"event": "start_parse_politicians", "url": "https://de.wikipedia.org/wiki/Liste_der_Mitglieder_des_Deutschen_Bundestages_(6._Wahlperiode)"}}
{"ts":"2025-05-23T00:37:30","spider":"politician_spider","level":"INFO","event":{"event": "found_rows", "count": 557, "url": "https://de.wikipedia.org/wiki/Liste_der_Mitglieder_des_Deutschen_Bundestages_(6._Wahlperiode)"}}
{"ts":"2025-05-23T00:37:32","spider":"politician_spider","level":"INFO","event":{"event": "start_parse_politicians", "url": "https://de.wikipedia.org/wiki/Liste_der_Mitglieder_des_Deutschen_Bundestages_(7._Wahlperiode)"}}
{"ts":"2025-05-23T00:37:33","spider":"politician_spider","level":"INFO","event":{"event": "found_rows", "count": 550, "url": "https://de.wikipedia.org/wiki/Liste_der_Mitglieder_des_Deutschen_Bundestages_(7._Wahlperiode)"}}
{"ts":"2025-05-23T00:37:35","spider":"politician_spider","level":"INFO","event":{"event": "start_parse_politicians", "url": "https://de.wikipedia.org/wiki/Liste_der_Mitglieder_des_Deutschen_Bundestages_(8._Wahlperiode)"}}
{"ts":"2025-05-23T00:37:36","spider":"politician_spider","level":"INFO","event":{"event": "found_rows", "count": 554, "url": "https://de.wikipedia.org/wiki/Liste_der_Mitglieder_des_Deutschen_Bundestages_(8._Wahlperiode)"}}
{"ts":"2025-05-23T00:37:39","spider":"politician_spider","level":"INFO","event":{"event": "start_parse_politicians", "url": "https://de.wikipedia.org/wiki/Liste_der_Mitglieder_des_Deutschen_Bundestages_(9._Wahlperiode)"}}
{"ts":"2025-05-23T00:37:40","spider":"politician_spider","level":"INFO","event":{"event": "found_rows", "count": 550, "url": "https://de.wikipedia.org/wiki/Liste_der_Mitglieder_des_Deutschen_Bundestages_(9._Wahlperiode)"}}
{"ts":"2025-05-23T00:37:44","spider":"politician_spider","level":"INFO","event":{"event": "start_parse_politicians", "url": "https://de.wikipedia.org/wiki/Liste_der_Mitglieder_des_Deutschen_Bundestages_(10._Wahlperiode)"}}
{"ts":"2025-05-23T00:37:45","spider":"politician_spider","level":"INFO","event":{"event": "found_rows", "count": 577, "url": "https://de.wikipedia.org/wiki/Liste_der_Mitglieder_des_Deutschen_Bundestages_(10._Wahlperiode)"}}
{"ts":"2025-05-23T00:37:47","spider":"politician_spider","level":"INFO","event":{"event": "start_parse_politicians", "url": "https://de.wikipedia.org/wiki/Liste_der_Mitglieder_des_Deutschen_Bundestages_(11._Wahlperiode)"}}
{"ts":"2025-05-23T00:37:48","spider":"politician_spider","level":"INFO","event":{"event": "found_rows", "count": 703, "url": "https://de.wikipedia.org/wiki/Liste_der_Mitglieder_des_Deutschen_Bundestages_(11._Wahlperiode)"}}
{"ts":"2025-05-23T00:37:52","spider":"politician_spider","level":"INFO","event":{"event": "start_parse_politicians", "url": "https://de.wikipedia.org/wiki/Liste_der_Mitglieder_des_Deutschen_Bundestages_(12._Wahlperiode)"}}
{"ts":"2025-05-23T00:37:53","spider":"politician_spider","level":"INFO","event":{"event": "found_rows", "count": 701, "url": "https://de.wikipedia.org/wiki/Liste_der_Mitglieder_des_Deutschen_Bundestages_(12._Wahlperiode)"}}
{"ts":"2025-05-23T00:37:56","spider":"politician_spider","level":"INFO","event":{"event": "start_parse_politicians", "url": "https://de.wikipedia.org/wiki/Liste_der_Mitglieder_des_Deutschen_Bundestages_(13._Wahlperiode)"}}
{"ts":"2025-05-23T00:37:57","spider":"politician_spider","level":"INFO","event":{"event": "found_rows", "count": 694, "url": "https://de.wikipedia.org/wiki/Liste_der_Mitglieder_des_Deutschen_Bundestages_(13._Wahlperiode)"}}
{"ts":"2025-05-23T00:38:03","spider":"politician_spider","level":"INFO","event":{"event": "start_parse_politicians", "url": "https://de.wikipedia.org/wiki/Liste_der_Mitglieder_des_Deutschen_Bundestages_(14._Wahlperiode)"}}
{"ts":"2025-05-23T00:38:04","spider":"politician_spider","level":"INFO","event":{"event": "found_rows", "count": 700, "url": "https://de.wikipedia.org/wiki/Liste_der_Mitglieder_des_Deutschen_Bundestages_(14._Wahlperiode)"}}
{"ts":"2025-05-23T00:38:07","spider":"politician_spider","level":"INFO","event":{"event": "start_parse_politicians", "url": "https://de.wikipedia.org/wiki/Liste_der_Mitglieder_des_Deutschen_Bundestages_(15._Wahlperiode)"}}
{"ts":"2025-05-23T00:38:09","spider":"politician_spider","level":"INFO","event":{"event": "found_rows", "count": 629, "url": "https://de.wikipedia.org/wiki/Liste_der_Mitglieder_des_Deutschen_Bundestages_(15._Wahlperiode)"}}
{"ts":"2025-05-23T00:38:10","spider":"politician_spider","level":"INFO","event":{"event": "start_parse_politicians", "url": "https://de.wikipedia.org/wiki/Liste_der_Mitglieder_des_Deutschen_Bundestages_(16._Wahlperiode)"}}
{"ts":"2025-05-23T00:38:12","spider":"politician_spider","level":"INFO","event":{"event": "found_rows", "count": 642, "url": "https://de.wikipedia.org/wiki/Liste_der_Mitglieder_des_Deutschen_Bundestages_(16._Wahlperiode)"}}
{"ts":"2025-05-23T00:38:15","spider":"politician_spider","level":"INFO","event":{"event": "start_parse_politicians", "url": "https://de.wikipedia.org/wiki/Liste_der_Mitglieder_des_Deutschen_Bundestages_(17._Wahlperiode)"}}
{"ts":"2025-05-23T00:38:17","spider":"politician_spider","level":"INFO","event":{"event": "found_rows", "count": 653, "url": "https://de.wikipedia.org/wiki/Liste_der_Mitglieder_des_Deutschen_Bundestages_(17._Wahlperiode)"}}
{"ts":"2025-05-23T00:38:23","spider":"politician_spider","level":"INFO","event":{"event": "start_parse_politicians", "url": "https://de.wikipedia.org/wiki/Liste_der_Mitglieder_des_Deutschen_Bundestages_(18._Wahlperiode)"}}
{"ts":"2025-05-23T00:38:25","spider":"politician_spider","level":"INFO","event":{"event": "found_rows", "count": 660, "url": "https://de.wikipedia.org/wiki/Liste_der_Mitglieder_des_Deutschen_Bundestages_(18._Wahlperiode)"}}
{"ts":"2025-05-23T00:38:31","spider":"politician_spider","level":"INFO","event":{"event": "start_parse_politicians", "url": "https://de.wikipedia.org/wiki/Liste_der_Mitglieder_des_Deutschen_Bundestages_(19._Wahlperiode)"}}
{"ts":"2025-05-23T00:38:33","spider":"politician_spider","level":"INFO","event":{"event": "found_rows", "count": 710, "url": "https://de.wikipedia.org/wiki/Liste_der_Mitglieder_des_Deutschen_Bundestages_(19._Wahlperiode)"}}
{"ts":"2025-05-23T00:38:39","spider":"politician_spider","level":"INFO","event":{"event": "start_parse_politicians", "url": "https://de.wikipedia.org/wiki/Liste_der_Mitglieder_des_Deutschen_Bundestages_(20._Wahlperiode)"}}
{"ts":"2025-05-23T00:38:41","spider":"politician_spider","level":"INFO","event":{"event": "found_rows", "count": 734, "url": "https://de.wikipedia.org/wiki/Liste_der_Mitglieder_des_Deutschen_Bundestages_(20._Wahlperiode)"}}
{"ts":"2025-05-23T00:38:45","spider":"politician_spider","level":"INFO","event":{"event": "start_parse_politicians", "url": "https://de.wikipedia.org/wiki/Liste_der_Mitglieder_des_Deutschen_Bundestages_(21._Wahlperiode)"}}
{"ts":"2025-05-23T00:38:48","spider":"politician_spider","level":"INFO","event":{"event": "found_rows", "count": 631, "url": "https://de.wikipedia.org/wiki/Liste_der_Mitglieder_des_Deutschen_Bundestages_(21._Wahlperiode)"}}
{"ts":"2025-05-23T01:25:08","spider":"politician_spider","level":"INFO","event":{"event": "load_period_urls"}}
{"ts":"2025-05-23T01:25:35","spider":"politician_spider","level":"INFO","event":{"event": "load_period_urls"}}
{"ts":"2025-05-23T01:25:38","spider":"politician_spider","level":"INFO","event":{"event": "start_parse_politicians", "url": "https://de.wikipedia.org/wiki/Liste_der_Mitglieder_des_Deutschen_Bundestages_(1._Wahlperiode)"}}
{"ts":"2025-05-23T01:25:38","spider":"politician_spider","level":"INFO","event":{"event": "yield_domain_item", "domain": "de.wikipedia.org", "url": "https://de.wikipedia.org/wiki/Liste_der_Mitglieder_des_Deutschen_Bundestages_(1._Wahlperiode)"}}
{"ts":"2025-05-23T01:25:40","spider":"politician_spider","level":"INFO","event":{"event": "found_rows", "count": 475, "url": "https://de.wikipedia.org/wiki/Liste_der_Mitglieder_des_Deutschen_Bundestages_(1._Wahlperiode)"}}
{"ts":"2025-05-23T01:25:40","spider":"politician_spider","level":"INFO","event":{"event": "start_parse_politicians", "url": "https://de.wikipedia.org/wiki/Liste_der_Mitglieder_des_Deutschen_Bundestages_(4._Wahlperiode)"}}
{"ts":"2025-05-23T01:25:40","spider":"politician_spider","level":"INFO","event":{"event": "start_parse_politicians", "url": "https://de.wikipedia.org/wiki/Liste_der_Mitglieder_des_Deutschen_Bundestages_(2._Wahlperiode)"}}
{"ts":"2025-05-23T01:25:41","spider":"politician_spider","level":"INFO","event":{"event": "start_parse_politicians", "url": "https://de.wikipedia.org/wiki/Liste_der_Mitglieder_des_Deutschen_Bundestages_(3._Wahlperiode)"}}
{"ts":"2025-05-23T01:25:41","spider":"politician_spider","level":"INFO","event":{"event": "start_parse_politicians", "url": "https://de.wikipedia.org/wiki/Liste_der_Mitglieder_des_Deutschen_Bundestages_(7._Wahlperiode)"}}
{"ts":"2025-05-23T01:25:41","spider":"politician_spider","level":"INFO","event":{"event": "found_rows", "count": 581, "url": "https://de.wikipedia.org/wiki/Liste_der_Mitglieder_des_Deutschen_Bundestages_(4._Wahlperiode)"}}
{"ts":"2025-05-23T01:25:41","spider":"politician_spider","level":"INFO","event":{"event": "found_rows", "count": 559, "url": "https://de.wikipedia.org/wiki/Liste_der_Mitglieder_des_Deutschen_Bundestages_(2._Wahlperiode)"}}
{"ts":"2025-05-23T01:25:41","spider":"politician_spider","level":"INFO","event":{"event": "found_rows", "count": 563, "url": "https://de.wikipedia.org/wiki/Liste_der_Mitglieder_des_Deutschen_Bundestages_(3._Wahlperiode)"}}
{"ts":"2025-05-23T01:25:41","spider":"politician_spider","level":"INFO","event":{"event": "found_rows", "count": 550, "url": "https://de.wikipedia.org/wiki/Liste_der_Mitglieder_des_Deutschen_Bundestages_(7._Wahlperiode)"}}
{"ts":"2025-05-23T01:25:41","spider":"politician_spider","level":"INFO","event":{"event": "start_parse_politicians", "url": "https://de.wikipedia.org/wiki/Liste_der_Mitglieder_des_Deutschen_Bundestages_(10._Wahlperiode)"}}
{"ts":"2025-05-23T01:25:42","spider":"politician_spider","level":"INFO","event":{"event": "start_parse_politicians", "url": "https://de.wikipedia.org/wiki/Liste_der_Mitglieder_des_Deutschen_Bundestages_(5._Wahlperiode)"}}
{"ts":"2025-05-23T01:25:42","spider":"politician_spider","level":"INFO","event":{"event": "start_parse_politicians", "url": "https://de.wikipedia.org/wiki/Liste_der_Mitglieder_des_Deutschen_Bundestages_(6._Wahlperiode)"}}
{"ts":"2025-05-23T01:25:42","spider":"politician_spider","level":"INFO","event":{"event": "start_parse_politicians", "url": "https://de.wikipedia.org/wiki/Liste_der_Mitglieder_des_Deutschen_Bundestages_(9._Wahlperiode)"}}
{"ts":"2025-05-23T01:25:43","spider":"politician_spider","level":"INFO","event":{"event": "found_rows", "count": 577, "url": "https://de.wikipedia.org/wiki/Liste_der_Mitglieder_des_Deutschen_Bundestages_(10._Wahlperiode)"}}
{"ts":"2025-05-23T01:25:43","spider":"politician_spider","level":"INFO","event":{"event": "found_rows", "count": 560, "url": "https://de.wikipedia.org/wiki/Liste_der_Mitglieder_des_Deutschen_Bundestages_(5._Wahlperiode)"}}
{"ts":"2025-05-23T01:25:43","spider":"politician_spider","level":"INFO","event":{"event": "found_rows", "count": 557, "url": "https://de.wikipedia.org/wiki/Liste_der_Mitglieder_des_Deutschen_Bundestages_(6._Wahlperiode)"}}
{"ts":"2025-05-23T01:25:43","spider":"politician_spider","level":"INFO","event":{"event": "found_rows", "count": 550, "url": "https://de.wikipedia.org/wiki/Liste_der_Mitglieder_des_Deutschen_Bundestages_(9._Wahlperiode)"}}
{"ts":"2025-05-23T01:25:43","spider":"politician_spider","level":"INFO","event":{"event": "start_parse_politicians", "url": "https://de.wikipedia.org/wiki/Liste_der_Mitglieder_des_Deutschen_Bundestages_(8._Wahlperiode)"}}
{"ts":"2025-05-23T01:25:43","spider":"politician_spider","level":"INFO","event":{"event": "start_parse_politicians", "url": "https://de.wikipedia.org/wiki/Liste_der_Mitglieder_des_Deutschen_Bundestages_(11._Wahlperiode)"}}
{"ts":"2025-05-23T01:25:43","spider":"politician_spider","level":"INFO","event":{"event": "found_rows", "count": 554, "url": "https://de.wikipedia.org/wiki/Liste_der_Mitglieder_des_Deutschen_Bundestages_(8._Wahlperiode)"}}
{"ts":"2025-05-23T01:25:43","spider":"politician_spider","level":"INFO","event":{"event": "found_rows", "count": 703, "url": "https://de.wikipedia.org/wiki/Liste_der_Mitglieder_des_Deutschen_Bundestages_(11._Wahlperiode)"}}
{"ts":"2025-05-23T01:25:43","spider":"politician_spider","level":"INFO","event":{"event": "start_parse_politicians", "url": "https://de.wikipedia.org/wiki/Liste_der_Mitglieder_des_Deutschen_Bundestages_(12._Wahlperiode)"}}
{"ts":"2025-05-23T01:25:44","spider":"politician_spider","level":"INFO","event":{"event": "found_rows", "count": 701, "url": "https://de.wikipedia.org/wiki/Liste_der_Mitglieder_des_Deutschen_Bundestages_(12._Wahlperiode)"}}
{"ts":"2025-05-23T01:25:44","spider":"politician_spider","level":"INFO","event":{"event": "start_parse_politicians", "url": "https://de.wikipedia.org/wiki/Liste_der_Mitglieder_des_Deutschen_Bundestages_(13._Wahlperiode)"}}
{"ts":"2025-05-23T01:25:44","spider":"politician_spider","level":"INFO","event":{"event": "found_rows", "count": 694, "url": "https://de.wikipedia.org/wiki/Liste_der_Mitglieder_des_Deutschen_Bundestages_(13._Wahlperiode)"}}
{"ts":"2025-05-23T01:25:44","spider":"politician_spider","level":"INFO","event":{"event": "start_parse_politicians", "url": "https://de.wikipedia.org/wiki/Liste_der_Mitglieder_des_Deutschen_Bundestages_(14._Wahlperiode)"}}
{"ts":"2025-05-23T01:25:45","spider":"politician_spider","level":"INFO","event":{"event": "found_rows", "count": 700, "url": "https://de.wikipedia.org/wiki/Liste_der_Mitglieder_des_Deutschen_Bundestages_(14._Wahlperiode)"}}
{"ts":"2025-05-23T01:25:45","spider":"politician_spider","level":"INFO","event":{"event": "start_parse_politicians", "url": "https://de.wikipedia.org/wiki/Liste_der_Mitglieder_des_Deutschen_Bundestages_(15._Wahlperiode)"}}
{"ts":"2025-05-23T01:25:45","spider":"politician_spider","level":"INFO","event":{"event": "found_rows", "count": 629, "url": "https://de.wikipedia.org/wiki/Liste_der_Mitglieder_des_Deutschen_Bundestages_(15._Wahlperiode)"}}
{"ts":"2025-05-23T01:25:45","spider":"politician_spider","level":"INFO","event":{"event": "start_parse_politicians", "url": "https://de.wikipedia.org/wiki/Liste_der_Mitglieder_des_Deutschen_Bundestages_(16._Wahlperiode)"}}
{"ts":"2025-05-23T01:25:46","spider":"politician_spider","level":"INFO","event":{"event": "found_rows", "count": 642, "url": "https://de.wikipedia.org/wiki/Liste_der_Mitglieder_des_Deutschen_Bundestages_(16._Wahlperiode)"}}
{"ts":"2025-05-23T01:25:46","spider":"politician_spider","level":"INFO","event":{"event": "start_parse_politicians", "url": "https://de.wikipedia.org/wiki/Liste_der_Mitglieder_des_Deutschen_Bundestages_(17._Wahlperiode)"}}
{"ts":"2025-05-23T01:25:46","spider":"politician_spider","level":"INFO","event":{"event": "found_rows", "count": 653, "url": "https://de.wikipedia.org/wiki/Liste_der_Mitglieder_des_Deutschen_Bundestages_(17._Wahlperiode)"}}
{"ts":"2025-05-23T01:25:46","spider":"politician_spider","level":"INFO","event":{"event": "start_parse_politicians", "url": "https://de.wikipedia.org/wiki/Liste_der_Mitglieder_des_Deutschen_Bundestages_(18._Wahlperiode)"}}
{"ts":"2025-05-23T01:25:47","spider":"politician_spider","level":"INFO","event":{"event": "found_rows", "count": 660, "url": "https://de.wikipedia.org/wiki/Liste_der_Mitglieder_des_Deutschen_Bundestages_(18._Wahlperiode)"}}
{"ts":"2025-05-23T01:25:47","spider":"politician_spider","level":"INFO","event":{"event": "start_parse_politicians", "url": "https://de.wikipedia.org/wiki/Liste_der_Mitglieder_des_Deutschen_Bundestages_(19._Wahlperiode)"}}
{"ts":"2025-05-23T01:25:48","spider":"politician_spider","level":"INFO","event":{"event": "found_rows", "count": 710, "url": "https://de.wikipedia.org/wiki/Liste_der_Mitglieder_des_Deutschen_Bundestages_(19._Wahlperiode)"}}
{"ts":"2025-05-23T01:25:48","spider":"politician_spider","level":"INFO","event":{"event": "start_parse_politicians", "url": "https://de.wikipedia.org/wiki/Liste_der_Mitglieder_des_Deutschen_Bundestages_(20._Wahlperiode)"}}
{"ts":"2025-05-23T01:25:49","spider":"politician_spider","level":"INFO","event":{"event": "start_parse_politicians", "url": "https://de.wikipedia.org/wiki/Liste_der_Mitglieder_des_Deutschen_Bundestages_(21._Wahlperiode)"}}
{"ts":"2025-05-23T01:25:50","spider":"politician_spider","level":"INFO","event":{"event": "found_rows", "count": 734, "url": "https://de.wikipedia.org/wiki/Liste_der_Mitglieder_des_Deutschen_Bundestages_(20._Wahlperiode)"}}
{"ts":"2025-05-23T01:25:50","spider":"politician_spider","level":"INFO","event":{"event": "found_rows", "count": 631, "url": "https://de.wikipedia.org/wiki/Liste_der_Mitglieder_des_Deutschen_Bundestages_(21._Wahlperiode)"}}
{"ts":"2025-05-23T01:32:55","spider":"politician_spider","level":"INFO","event":{"event": "load_period_urls"}}
{"ts":"2025-05-23T01:32:57","spider":"politician_spider","level":"INFO","event":{"event": "start_parse_politicians", "url": "https://de.wikipedia.org/wiki/Liste_der_Mitglieder_des_Deutschen_Bundestages_(1._Wahlperiode)"}}
{"ts":"2025-05-23T01:32:57","spider":"politician_spider","level":"INFO","event":{"event": "yield_domain_item", "domain": "de.wikipedia.org", "url": "https://de.wikipedia.org/wiki/Liste_der_Mitglieder_des_Deutschen_Bundestages_(1._Wahlperiode)"}}
{"ts":"2025-05-23T01:32:59","spider":"politician_spider","level":"INFO","event":{"event": "found_rows", "count": 475, "url": "https://de.wikipedia.org/wiki/Liste_der_Mitglieder_des_Deutschen_Bundestages_(1._Wahlperiode)"}}
{"ts":"2025-05-23T01:33:00","spider":"politician_spider","level":"INFO","event":{"event": "start_parse_politicians", "url": "https://de.wikipedia.org/wiki/Liste_der_Mitglieder_des_Deutschen_Bundestages_(4._Wahlperiode)"}}
{"ts":"2025-05-23T01:33:00","spider":"politician_spider","level":"INFO","event":{"event": "start_parse_politicians", "url": "https://de.wikipedia.org/wiki/Liste_der_Mitglieder_des_Deutschen_Bundestages_(7._Wahlperiode)"}}
{"ts":"2025-05-23T01:33:00","spider":"politician_spider","level":"INFO","event":{"event": "start_parse_politicians", "url": "https://de.wikipedia.org/wiki/Liste_der_Mitglieder_des_Deutschen_Bundestages_(2._Wahlperiode)"}}
{"ts":"2025-05-23T01:33:00","spider":"politician_spider","level":"INFO","event":{"event": "start_parse_politicians", "url": "https://de.wikipedia.org/wiki/Liste_der_Mitglieder_des_Deutschen_Bundestages_(3._Wahlperiode)"}}
{"ts":"2025-05-23T01:33:00","spider":"politician_spider","level":"INFO","event":{"event": "found_rows", "count": 581, "url": "https://de.wikipedia.org/wiki/Liste_der_Mitglieder_des_Deutschen_Bundestages_(4._Wahlperiode)"}}
{"ts":"2025-05-23T01:33:00","spider":"politician_spider","level":"INFO","event":{"event": "found_rows", "count": 550, "url": "https://de.wikipedia.org/wiki/Liste_der_Mitglieder_des_Deutschen_Bundestages_(7._Wahlperiode)"}}
{"ts":"2025-05-23T01:33:00","spider":"politician_spider","level":"INFO","event":{"event": "found_rows", "count": 559, "url": "https://de.wikipedia.org/wiki/Liste_der_Mitglieder_des_Deutschen_Bundestages_(2._Wahlperiode)"}}
{"ts":"2025-05-23T01:33:00","spider":"politician_spider","level":"INFO","event":{"event": "found_rows", "count": 563, "url": "https://de.wikipedia.org/wiki/Liste_der_Mitglieder_des_Deutschen_Bundestages_(3._Wahlperiode)"}}
{"ts":"2025-05-23T01:33:00","spider":"politician_spider","level":"INFO","event":{"event": "start_parse_politicians", "url": "https://de.wikipedia.org/wiki/Liste_der_Mitglieder_des_Deutschen_Bundestages_(10._Wahlperiode)"}}
{"ts":"2025-05-23T01:33:01","spider":"politician_spider","level":"INFO","event":{"event": "start_parse_politicians", "url": "https://de.wikipedia.org/wiki/Liste_der_Mitglieder_des_Deutschen_Bundestages_(5._Wahlperiode)"}}
{"ts":"2025-05-23T01:33:01","spider":"politician_spider","level":"INFO","event":{"event": "start_parse_politicians", "url": "https://de.wikipedia.org/wiki/Liste_der_Mitglieder_des_Deutschen_Bundestages_(6._Wahlperiode)"}}
{"ts":"2025-05-23T01:33:02","spider":"politician_spider","level":"INFO","event":{"event": "found_rows", "count": 577, "url": "https://de.wikipedia.org/wiki/Liste_der_Mitglieder_des_Deutschen_Bundestages_(10._Wahlperiode)"}}
{"ts":"2025-05-23T01:33:02","spider":"politician_spider","level":"INFO","event":{"event": "found_rows", "count": 560, "url": "https://de.wikipedia.org/wiki/Liste_der_Mitglieder_des_Deutschen_Bundestages_(5._Wahlperiode)"}}
{"ts":"2025-05-23T01:33:02","spider":"politician_spider","level":"INFO","event":{"event": "found_rows", "count": 557, "url": "https://de.wikipedia.org/wiki/Liste_der_Mitglieder_des_Deutschen_Bundestages_(6._Wahlperiode)"}}
{"ts":"2025-05-23T01:33:03","spider":"politician_spider","level":"INFO","event":{"event": "start_parse_politicians", "url": "https://de.wikipedia.org/wiki/Liste_der_Mitglieder_des_Deutschen_Bundestages_(11._Wahlperiode)"}}
{"ts":"2025-05-23T01:33:04","spider":"politician_spider","level":"INFO","event":{"event": "start_parse_politicians", "url": "https://de.wikipedia.org/wiki/Liste_der_Mitglieder_des_Deutschen_Bundestages_(8._Wahlperiode)"}}
{"ts":"2025-05-23T01:33:04","spider":"politician_spider","level":"INFO","event":{"event": "found_rows", "count": 703, "url": "https://de.wikipedia.org/wiki/Liste_der_Mitglieder_des_Deutschen_Bundestages_(11._Wahlperiode)"}}
{"ts":"2025-05-23T01:33:04","spider":"politician_spider","level":"INFO","event":{"event": "found_rows", "count": 554, "url": "https://de.wikipedia.org/wiki/Liste_der_Mitglieder_des_Deutschen_Bundestages_(8._Wahlperiode)"}}
{"ts":"2025-05-23T01:33:04","spider":"politician_spider","level":"INFO","event":{"event": "start_parse_politicians", "url": "https://de.wikipedia.org/wiki/Liste_der_Mitglieder_des_Deutschen_Bundestages_(12._Wahlperiode)"}}
{"ts":"2025-05-23T01:33:05","spider":"politician_spider","level":"INFO","event":{"event": "start_parse_politicians", "url": "https://de.wikipedia.org/wiki/Liste_der_Mitglieder_des_Deutschen_Bundestages_(9._Wahlperiode)"}}
{"ts":"2025-05-23T01:33:06","spider":"politician_spider","level":"INFO","event":{"event": "found_rows", "count": 701, "url": "https://de.wikipedia.org/wiki/Liste_der_Mitglieder_des_Deutschen_Bundestages_(12._Wahlperiode)"}}
{"ts":"2025-05-23T01:33:06","spider":"politician_spider","level":"INFO","event":{"event": "found_rows", "count": 550, "url": "https://de.wikipedia.org/wiki/Liste_der_Mitglieder_des_Deutschen_Bundestages_(9._Wahlperiode)"}}
{"ts":"2025-05-23T01:33:06","spider":"politician_spider","level":"INFO","event":{"event": "start_parse_politicians", "url": "https://de.wikipedia.org/wiki/Liste_der_Mitglieder_des_Deutschen_Bundestages_(13._Wahlperiode)"}}
{"ts":"2025-05-23T01:33:07","spider":"politician_spider","level":"INFO","event":{"event": "found_rows", "count": 694, "url": "https://de.wikipedia.org/wiki/Liste_der_Mitglieder_des_Deutschen_Bundestages_(13._Wahlperiode)"}}
{"ts":"2025-05-23T01:33:07","spider":"politician_spider","level":"INFO","event":{"event": "start_parse_politicians", "url": "https://de.wikipedia.org/wiki/Liste_der_Mitglieder_des_Deutschen_Bundestages_(14._Wahlperiode)"}}
{"ts":"2025-05-23T01:33:09","spider":"politician_spider","level":"INFO","event":{"event": "found_rows", "count": 700, "url": "https://de.wikipedia.org/wiki/Liste_der_Mitglieder_des_Deutschen_Bundestages_(14._Wahlperiode)"}}
{"ts":"2025-05-23T01:33:09","spider":"politician_spider","level":"INFO","event":{"event": "start_parse_politicians", "url": "https://de.wikipedia.org/wiki/Liste_der_Mitglieder_des_Deutschen_Bundestages_(15._Wahlperiode)"}}
{"ts":"2025-05-23T01:33:10","spider":"politician_spider","level":"INFO","event":{"event": "found_rows", "count": 629, "url": "https://de.wikipedia.org/wiki/Liste_der_Mitglieder_des_Deutschen_Bundestages_(15._Wahlperiode)"}}
{"ts":"2025-05-23T01:33:10","spider":"politician_spider","level":"INFO","event":{"event": "start_parse_politicians", "url": "https://de.wikipedia.org/wiki/Liste_der_Mitglieder_des_Deutschen_Bundestages_(16._Wahlperiode)"}}
{"ts":"2025-05-23T01:33:12","spider":"politician_spider","level":"INFO","event":{"event": "found_rows", "count": 642, "url": "https://de.wikipedia.org/wiki/Liste_der_Mitglieder_des_Deutschen_Bundestages_(16._Wahlperiode)"}}
{"ts":"2025-05-23T01:33:12","spider":"politician_spider","level":"INFO","event":{"event": "start_parse_politicians", "url": "https://de.wikipedia.org/wiki/Liste_der_Mitglieder_des_Deutschen_Bundestages_(17._Wahlperiode)"}}
{"ts":"2025-05-23T01:33:14","spider":"politician_spider","level":"INFO","event":{"event": "found_rows", "count": 653, "url": "https://de.wikipedia.org/wiki/Liste_der_Mitglieder_des_Deutschen_Bundestages_(17._Wahlperiode)"}}
{"ts":"2025-05-23T01:33:14","spider":"politician_spider","level":"INFO","event":{"event": "start_parse_politicians", "url": "https://de.wikipedia.org/wiki/Liste_der_Mitglieder_des_Deutschen_Bundestages_(18._Wahlperiode)"}}
{"ts":"2025-05-23T01:33:16","spider":"politician_spider","level":"INFO","event":{"event": "found_rows", "count": 660, "url": "https://de.wikipedia.org/wiki/Liste_der_Mitglieder_des_Deutschen_Bundestages_(18._Wahlperiode)"}}
{"ts":"2025-05-23T01:33:18","spider":"politician_spider","level":"INFO","event":{"event": "start_parse_politicians", "url": "https://de.wikipedia.org/wiki/Liste_der_Mitglieder_des_Deutschen_Bundestages_(19._Wahlperiode)"}}
{"ts":"2025-05-23T01:33:20","spider":"politician_spider","level":"INFO","event":{"event": "found_rows", "count": 710, "url": "https://de.wikipedia.org/wiki/Liste_der_Mitglieder_des_Deutschen_Bundestages_(19._Wahlperiode)"}}
{"ts":"2025-05-23T01:33:21","spider":"politician_spider","level":"INFO","event":{"event": "start_parse_politicians", "url": "https://de.wikipedia.org/wiki/Liste_der_Mitglieder_des_Deutschen_Bundestages_(20._Wahlperiode)"}}
{"ts":"2025-05-23T01:33:22","spider":"politician_spider","level":"INFO","event":{"event": "start_parse_politicians", "url": "https://de.wikipedia.org/wiki/Liste_der_Mitglieder_des_Deutschen_Bundestages_(21._Wahlperiode)"}}
{"ts":"2025-05-23T01:33:24","spider":"politician_spider","level":"INFO","event":{"event": "found_rows", "count": 734, "url": "https://de.wikipedia.org/wiki/Liste_der_Mitglieder_des_Deutschen_Bundestages_(20._Wahlperiode)"}}
{"ts":"2025-05-23T01:33:24","spider":"politician_spider","level":"INFO","event":{"event": "found_rows", "count": 631, "url": "https://de.wikipedia.org/wiki/Liste_der_Mitglieder_des_Deutschen_Bundestages_(21._Wahlperiode)"}}
{"ts":"2025-06-07T15:30:22","spider":"politician_spider","level":"INFO","event":{"event": "load_period_urls"}}
{"ts":"2025-06-07T15:30:24","spider":"politician_spider","level":"INFO","event":{"event": "start_parse_politicians", "url": "https://de.wikipedia.org/wiki/Liste_der_Mitglieder_des_Deutschen_Bundestages_(6._Wahlperiode)"}}
{"ts":"2025-06-07T15:30:24","spider":"politician_spider","level":"INFO","event":{"event": "yield_domain_item", "domain": "de.wikipedia.org", "url": "https://de.wikipedia.org/wiki/Liste_der_Mitglieder_des_Deutschen_Bundestages_(6._Wahlperiode)"}}
{"ts":"2025-06-07T15:30:28","spider":"politician_spider","level":"INFO","event":{"event": "found_rows", "count": 557, "url": "https://de.wikipedia.org/wiki/Liste_der_Mitglieder_des_Deutschen_Bundestages_(6._Wahlperiode)"}}
{"ts":"2025-06-07T15:30:28","spider":"politician_spider","level":"INFO","event":{"event": "start_parse_politicians", "url": "https://de.wikipedia.org/wiki/Liste_der_Mitglieder_des_Deutschen_Bundestages_(8._Wahlperiode)"}}
{"ts":"2025-06-07T15:30:29","spider":"politician_spider","level":"INFO","event":{"event": "start_parse_politicians", "url": "https://de.wikipedia.org/wiki/Liste_der_Mitglieder_des_Deutschen_Bundestages_(10._Wahlperiode)"}}
{"ts":"2025-06-07T15:30:29","spider":"politician_spider","level":"INFO","event":{"event": "start_parse_politicians", "url": "https://de.wikipedia.org/wiki/Liste_der_Mitglieder_des_Deutschen_Bundestages_(11._Wahlperiode)"}}
{"ts":"2025-06-07T15:30:30","spider":"politician_spider","level":"INFO","event":{"event": "found_rows", "count": 554, "url": "https://de.wikipedia.org/wiki/Liste_der_Mitglieder_des_Deutschen_Bundestages_(8._Wahlperiode)"}}
{"ts":"2025-06-07T15:30:30","spider":"politician_spider","level":"INFO","event":{"event": "found_rows", "count": 577, "url": "https://de.wikipedia.org/wiki/Liste_der_Mitglieder_des_Deutschen_Bundestages_(10._Wahlperiode)"}}
{"ts":"2025-06-07T15:30:30","spider":"politician_spider","level":"INFO","event":{"event": "found_rows", "count": 703, "url": "https://de.wikipedia.org/wiki/Liste_der_Mitglieder_des_Deutschen_Bundestages_(11._Wahlperiode)"}}
{"ts":"2025-06-07T15:30:30","spider":"politician_spider","level":"INFO","event":{"event": "start_parse_politicians", "url": "https://de.wikipedia.org/wiki/Liste_der_Mitglieder_des_Deutschen_Bundestages_(3._Wahlperiode)"}}
{"ts":"2025-06-07T15:30:30","spider":"politician_spider","level":"INFO","event":{"event": "start_parse_politicians", "url": "https://de.wikipedia.org/wiki/Liste_der_Mitglieder_des_Deutschen_Bundestages_(4._Wahlperiode)"}}
{"ts":"2025-06-07T15:30:31","spider":"politician_spider","level":"INFO","event":{"event": "start_parse_politicians", "url": "https://de.wikipedia.org/wiki/Liste_der_Mitglieder_des_Deutschen_Bundestages_(1._Wahlperiode)"}}
{"ts":"2025-06-07T15:30:31","spider":"politician_spider","level":"INFO","event":{"event": "start_parse_politicians", "url": "https://de.wikipedia.org/wiki/Liste_der_Mitglieder_des_Deutschen_Bundestages_(5._Wahlperiode)"}}
{"ts":"2025-06-07T15:30:31","spider":"politician_spider","level":"INFO","event":{"event": "start_parse_politicians", "url": "https://de.wikipedia.org/wiki/Liste_der_Mitglieder_des_Deutschen_Bundestages_(9._Wahlperiode)"}}
{"ts":"2025-06-07T15:30:31","spider":"politician_spider","level":"INFO","event":{"event": "start_parse_politicians", "url": "https://de.wikipedia.org/wiki/Liste_der_Mitglieder_des_Deutschen_Bundestages_(7._Wahlperiode)"}}
{"ts":"2025-06-07T15:30:32","spider":"politician_spider","level":"INFO","event":{"event": "start_parse_politicians", "url": "https://de.wikipedia.org/wiki/Liste_der_Mitglieder_des_Deutschen_Bundestages_(12._Wahlperiode)"}}
{"ts":"2025-06-07T15:30:32","spider":"politician_spider","level":"INFO","event":{"event": "start_parse_politicians", "url": "https://de.wikipedia.org/wiki/Liste_der_Mitglieder_des_Deutschen_Bundestages_(2._Wahlperiode)"}}
{"ts":"2025-06-07T15:30:33","spider":"politician_spider","level":"INFO","event":{"event": "found_rows", "count": 563, "url": "https://de.wikipedia.org/wiki/Liste_der_Mitglieder_des_Deutschen_Bundestages_(3._Wahlperiode)"}}
{"ts":"2025-06-07T15:30:33","spider":"politician_spider","level":"INFO","event":{"event": "found_rows", "count": 581, "url": "https://de.wikipedia.org/wiki/Liste_der_Mitglieder_des_Deutschen_Bundestages_(4._Wahlperiode)"}}
{"ts":"2025-06-07T15:30:33","spider":"politician_spider","level":"INFO","event":{"event": "found_rows", "count": 475, "url": "https://de.wikipedia.org/wiki/Liste_der_Mitglieder_des_Deutschen_Bundestages_(1._Wahlperiode)"}}
{"ts":"2025-06-07T15:30:33","spider":"politician_spider","level":"INFO","event":{"event": "found_rows", "count": 560, "url": "https://de.wikipedia.org/wiki/Liste_der_Mitglieder_des_Deutschen_Bundestages_(5._Wahlperiode)"}}
{"ts":"2025-06-07T15:30:33","spider":"politician_spider","level":"INFO","event":{"event": "found_rows", "count": 550, "url": "https://de.wikipedia.org/wiki/Liste_der_Mitglieder_des_Deutschen_Bundestages_(9._Wahlperiode)"}}
{"ts":"2025-06-07T15:30:33","spider":"politician_spider","level":"INFO","event":{"event": "found_rows", "count": 550, "url": "https://de.wikipedia.org/wiki/Liste_der_Mitglieder_des_Deutschen_Bundestages_(7._Wahlperiode)"}}
{"ts":"2025-06-07T15:30:33","spider":"politician_spider","level":"INFO","event":{"event": "found_rows", "count": 701, "url": "https://de.wikipedia.org/wiki/Liste_der_Mitglieder_des_Deutschen_Bundestages_(12._Wahlperiode)"}}
{"ts":"2025-06-07T15:30:33","spider":"politician_spider","level":"INFO","event":{"event": "found_rows", "count": 559, "url": "https://de.wikipedia.org/wiki/Liste_der_Mitglieder_des_Deutschen_Bundestages_(2._Wahlperiode)"}}
{"ts":"2025-06-07T15:30:36","spider":"politician_spider","level":"INFO","event":{"event": "start_parse_politicians", "url": "https://de.wikipedia.org/wiki/Liste_der_Mitglieder_des_Deutschen_Bundestages_(13._Wahlperiode)"}}
{"ts":"2025-06-07T15:30:36","spider":"politician_spider","level":"INFO","event":{"event": "start_parse_politicians", "url": "https://de.wikipedia.org/wiki/Liste_der_Mitglieder_des_Deutschen_Bundestages_(14._Wahlperiode)"}}
{"ts":"2025-06-07T15:30:37","spider":"politician_spider","level":"INFO","event":{"event": "start_parse_politicians", "url": "https://de.wikipedia.org/wiki/Liste_der_Mitglieder_des_Deutschen_Bundestages_(15._Wahlperiode)"}}
{"ts":"2025-06-07T15:30:38","spider":"politician_spider","level":"INFO","event":{"event": "start_parse_politicians", "url": "https://de.wikipedia.org/wiki/Liste_der_Mitglieder_des_Deutschen_Bundestages_(16._Wahlperiode)"}}
{"ts":"2025-06-07T15:30:38","spider":"politician_spider","level":"INFO","event":{"event": "start_parse_politicians", "url": "https://de.wikipedia.org/wiki/Liste_der_Mitglieder_des_Deutschen_Bundestages_(17._Wahlperiode)"}}
{"ts":"2025-06-07T15:30:39","spider":"politician_spider","level":"INFO","event":{"event": "start_parse_politicians", "url": "https://de.wikipedia.org/wiki/Liste_der_Mitglieder_des_Deutschen_Bundestages_(18._Wahlperiode)"}}
{"ts":"2025-06-07T15:30:39","spider":"politician_spider","level":"INFO","event":{"event": "start_parse_politicians", "url": "https://de.wikipedia.org/wiki/Liste_der_Mitglieder_des_Deutschen_Bundestages_(19._Wahlperiode)"}}
{"ts":"2025-06-07T15:30:42","spider":"politician_spider","level":"INFO","event":{"event": "found_rows", "count": 694, "url": "https://de.wikipedia.org/wiki/Liste_der_Mitglieder_des_Deutschen_Bundestages_(13._Wahlperiode)"}}
{"ts":"2025-06-07T15:30:42","spider":"politician_spider","level":"INFO","event":{"event": "found_rows", "count": 700, "url": "https://de.wikipedia.org/wiki/Liste_der_Mitglieder_des_Deutschen_Bundestages_(14._Wahlperiode)"}}
{"ts":"2025-06-07T15:30:42","spider":"politician_spider","level":"INFO","event":{"event": "found_rows", "count": 629, "url": "https://de.wikipedia.org/wiki/Liste_der_Mitglieder_des_Deutschen_Bundestages_(15._Wahlperiode)"}}
{"ts":"2025-06-07T15:30:42","spider":"politician_spider","level":"INFO","event":{"event": "found_rows", "count": 642, "url": "https://de.wikipedia.org/wiki/Liste_der_Mitglieder_des_Deutschen_Bundestages_(16._Wahlperiode)"}}
{"ts":"2025-06-07T15:30:42","spider":"politician_spider","level":"INFO","event":{"event": "found_rows", "count": 653, "url": "https://de.wikipedia.org/wiki/Liste_der_Mitglieder_des_Deutschen_Bundestages_(17._Wahlperiode)"}}
{"ts":"2025-06-07T15:30:42","spider":"politician_spider","level":"INFO","event":{"event": "found_rows", "count": 660, "url": "https://de.wikipedia.org/wiki/Liste_der_Mitglieder_des_Deutschen_Bundestages_(18._Wahlperiode)"}}
{"ts":"2025-06-07T15:30:42","spider":"politician_spider","level":"INFO","event":{"event": "found_rows", "count": 710, "url": "https://de.wikipedia.org/wiki/Liste_der_Mitglieder_des_Deutschen_Bundestages_(19._Wahlperiode)"}}
{"ts":"2025-06-07T15:30:42","spider":"politician_spider","level":"INFO","event":{"event": "start_parse_politicians", "url": "https://de.wikipedia.org/wiki/Liste_der_Mitglieder_des_Deutschen_Bundestages_(20._Wahlperiode)"}}
{"ts":"2025-06-07T15:30:45","spider":"politician_spider","level":"INFO","event":{"event": "found_rows", "count": 734, "url": "https://de.wikipedia.org/wiki/Liste_der_Mitglieder_des_Deutschen_Bundestages_(20._Wahlperiode)"}}
{"ts":"2025-06-07T15:30:47","spider":"politician_spider","level":"INFO","event":{"event": "start_parse_politicians", "url": "https://de.wikipedia.org/wiki/Liste_der_Mitglieder_des_Deutschen_Bundestages_(21._Wahlperiode)"}}
{"ts":"2025-06-07T15:30:50","spider":"politician_spider","level":"INFO","event":{"event": "found_rows", "count": 630, "url": "https://de.wikipedia.org/wiki/Liste_der_Mitglieder_des_Deutschen_Bundestages_(21._Wahlperiode)"}}
